<?xml version="1.0" encoding="UTF-8"?>
<!-- Generated by org.testng.reporters.JUnitReportReporter -->
<testsuite hostname="DESKTOP-3BHM597" failures="0" tests="1" name="SauceLab.SuaceLabAutomationFramework_V1_0.verify_remove_product_from_cart" time="26.321" errors="0" timestamp="2024-10-12T13:42:25 IST" skipped="0">
  <testcase classname="SauceLab.SuaceLabAutomationFramework_V1_0.verify_remove_product_from_cart" name="removeProductFromCart" time="26.321"/>
</testsuite> <!-- SauceLab.SuaceLabAutomationFramework_V1_0.verify_remove_product_from_cart -->
