<?xml version="1.0" encoding="UTF-8"?>
<!-- Generated by org.testng.reporters.JUnitReportReporter -->
<testsuite hostname="DESKTOP-3BHM597" failures="0" tests="1" name="SauceLab.SuaceLabAutomationFramework_V1_0.verify_all_items_link_test" time="5.707" errors="0" timestamp="2024-10-12T14:23:01 IST" skipped="0">
  <testcase classname="SauceLab.SuaceLabAutomationFramework_V1_0.verify_all_items_link_test" name="verifyAllItemsLink" time="5.707"/>
</testsuite> <!-- SauceLab.SuaceLabAutomationFramework_V1_0.verify_all_items_link_test -->
